<?xml version="1.0" encoding="UTF-8"?>
<!-- Generated by org.testng.reporters.JUnitReportReporter -->
<testsuite hostname="hari" failures="0" tests="1" name="com.simplilearn.restassuredtest.LoginRequestTest" time="8.735" errors="0" timestamp="2024-01-22T20:27:37 IST" skipped="0">
  <testcase classname="com.simplilearn.restassuredtest.LoginRequestTest" name="testOnLoginRequest" time="8.735"/>
  <system-out/>
</testsuite> <!-- com.simplilearn.restassuredtest.LoginRequestTest -->
