<?xml version="1.0" encoding="UTF-8"?>
<!-- Generated by org.testng.reporters.JUnitReportReporter -->
<testsuite hostname="hari" failures="0" tests="4" name="com.simplilearn.logtesting.TestLogs" time="0.024" errors="0" timestamp="2024-01-22T20:28:52 IST" skipped="0">
  <testcase classname="com.simplilearn.logtesting.TestLogs" name="testDebugLogs" time="0.017"/>
  <system-out/>
  <testcase classname="com.simplilearn.logtesting.TestLogs" name="testErrorLogs" time="0.003"/>
  <system-out/>
  <testcase classname="com.simplilearn.logtesting.TestLogs" name="testInfoLogs" time="0.002"/>
  <system-out/>
  <testcase classname="com.simplilearn.logtesting.TestLogs" name="testWarnLogs" time="0.002"/>
  <system-out/>
</testsuite> <!-- com.simplilearn.logtesting.TestLogs -->
