<?xml version="1.0" encoding="UTF-8"?>
<!-- Generated by org.testng.reporters.JUnitReportReporter -->
<testsuite hostname="hari" failures="0" tests="3" name="com.simplilearn.restassuredtest.GetUserRequestTest" time="14.653" errors="0" timestamp="2024-01-22T20:11:07 IST" skipped="0">
  <testcase classname="com.simplilearn.restassuredtest.GetUserRequestTest" name="getRequestTest" time="8.940"/>
  <system-out/>
  <testcase classname="com.simplilearn.restassuredtest.GetUserRequestTest" name="getRequestWithQueryParmsTest" time="3.013"/>
  <system-out/>
  <testcase classname="com.simplilearn.restassuredtest.GetUserRequestTest" name="getRequestWithUserIdTest" time="2.700"/>
  <system-out/>
</testsuite> <!-- com.simplilearn.restassuredtest.GetUserRequestTest -->
