<?xml version="1.0" encoding="UTF-8"?>
<!-- Generated by org.testng.reporters.JUnitReportReporter -->
<testsuite hostname="hari" failures="0" tests="1" name="com.simplilearn.restassuredtest.RegisterRequestTest" time="12.201" errors="0" timestamp="2024-01-22T20:28:16 IST" skipped="0">
  <testcase classname="com.simplilearn.restassuredtest.RegisterRequestTest" name="testresgistrationWithToken" time="12.201"/>
  <system-out/>
</testsuite> <!-- com.simplilearn.restassuredtest.RegisterRequestTest -->
